<?xml version="1.0" encoding="UTF-8"?>
<!-- Generated by org.testng.reporters.JUnitReportReporter -->
<testsuite hostname="Admin" failures="0" tests="1" name="MavenSeleniumjava.RestAPITest" time="0.001" errors="0" timestamp="2021-06-28T20:20:10 PDT" skipped="0">
  <testcase classname="MavenSeleniumjava.RestAPITest" name="RestAutomation" time="0.001"/>
  <system-out/>
</testsuite> <!-- MavenSeleniumjava.RestAPITest -->
